[INFO ] 2024-01-18 21:42:22.384 [main] Testcasestep - T am on Book website page
[INFO ] 2024-01-18 21:42:30.524 [main] Testcasestep - Sign in Successfully
[INFO ] 2024-01-18 21:42:45.695 [main] Testcasestep - I am on the same page
[INFO ] 2024-01-18 21:42:47.425 [main] Testcasestep - I click on search bar
[INFO ] 2024-01-18 21:42:47.638 [main] Testcasestep - T click on search button
[INFO ] 2024-01-18 21:42:49.212 [main] Testcasestep - I click on the title on the books
[INFO ] 2024-01-18 21:42:51.231 [main] Testcasestep - I click on the price on the books
[INFO ] 2024-01-18 21:42:51.462 [main] Testcasestep - I click on the shipping on the books
[INFO ] 2024-01-19 11:42:02.512 [main] Testcasestep - T am on Book website page
[INFO ] 2024-01-19 11:42:10.436 [main] Testcasestep - Sign in Successfully
[INFO ] 2024-01-19 11:42:20.754 [main] Testcasestep - I am on the same page
[INFO ] 2024-01-19 11:42:20.780 [main] Testcasestep - I click on search bar
[INFO ] 2024-01-19 11:42:20.988 [main] Testcasestep - T click on search button
[INFO ] 2024-01-19 11:42:22.351 [main] Testcasestep - I click on the title on the books
[INFO ] 2024-01-19 11:42:24.154 [main] Testcasestep - I click on the price on the books
[INFO ] 2024-01-19 11:42:24.401 [main] Testcasestep - I click on the shipping on the books
[INFO ] 2024-01-19 11:50:32.901 [main] Testcasestep - T am on Book website page
[INFO ] 2024-01-19 11:50:38.338 [main] Testcasestep - Sign in Successfully
[INFO ] 2024-01-19 11:50:53.116 [main] Testcasestep - I am on the same page
[INFO ] 2024-01-19 11:50:56.048 [main] Testcasestep - I click on search bar
[INFO ] 2024-01-19 11:50:56.295 [main] Testcasestep - T click on search button
[INFO ] 2024-01-19 11:50:57.752 [main] Testcasestep - I click on the title on the books
[INFO ] 2024-01-19 11:50:58.864 [main] Testcasestep - I click on the price on the books
[INFO ] 2024-01-19 11:50:59.087 [main] Testcasestep - I click on the shipping on the books
